<?xml version="1.0" encoding="UTF-8"?>
<!-- Generated by org.testng.reporters.JUnitReportReporter -->
<testsuite hostname="Razer-Laptop" failures="0" tests="1" name="TestExamples.homePage" time="4.363" errors="0" timestamp="2021-01-04T19:44:35 EST" skipped="0">
  <testcase classname="TestExamples.homePage" name="homepage" time="4.363"/>
  <system-out/>
</testsuite> <!-- TestExamples.homePage -->
