<?xml version="1.0" encoding="UTF-8"?>
<!-- Generated by org.testng.reporters.JUnitReportReporter -->
<testsuite hostname="Razer-Laptop" failures="0" tests="1" name="TestExamples.contextMenuTest" time="14.106" errors="0" timestamp="2021-01-05T06:41:06 EST" skipped="0">
  <testcase classname="TestExamples.contextMenuTest" name="contextmenuclick" time="14.106"/>
  <system-out/>
</testsuite> <!-- TestExamples.contextMenuTest -->
