<?xml version="1.0" encoding="UTF-8"?>
<!-- Generated by org.testng.reporters.JUnitReportReporter -->
<testsuite hostname="Razer-Laptop" failures="0" tests="1" name="TestExamples.dropdownTest" time="12.258" errors="0" timestamp="2021-01-05T08:06:40 EST" skipped="0">
  <testcase classname="TestExamples.dropdownTest" name="dropdown" time="12.258"/>
  <system-out/>
</testsuite> <!-- TestExamples.dropdownTest -->
