<?xml version="1.0" encoding="UTF-8"?>
<!-- Generated by org.testng.reporters.JUnitReportReporter -->
<testsuite hostname="Razer-Laptop" failures="0" tests="1" name="TestExamples.draganddropTest" time="14.043" errors="0" timestamp="2021-01-05T07:40:09 EST" skipped="0">
  <testcase classname="TestExamples.draganddropTest" name="draganddrop" time="14.043"/>
  <system-out/>
</testsuite> <!-- TestExamples.draganddropTest -->
