<?xml version="1.0" encoding="UTF-8"?>
<!-- Generated by org.testng.reporters.JUnitReportReporter -->
<testsuite hostname="Razer-Laptop" failures="0" tests="1" name="TestExamples.dynamiccControls" time="8.926" errors="0" timestamp="2021-01-15T19:09:03 EST" skipped="0">
  <testcase classname="TestExamples.dynamiccControls" name="dynamicontrol" time="8.926"/>
  <system-out/>
</testsuite> <!-- TestExamples.dynamiccControls -->
