<?xml version="1.0" encoding="UTF-8"?>
<!-- Generated by org.testng.reporters.JUnitReportReporter -->
<testsuite hostname="Razer-Laptop" failures="0" tests="1" name="TestExamples.dynamicContentTest" time="12.584" errors="0" timestamp="2021-01-08T02:29:15 EST" skipped="0">
  <testcase classname="TestExamples.dynamicContentTest" name="dynamiccontenttest" time="12.584"/>
  <system-out/>
</testsuite> <!-- TestExamples.dynamicContentTest -->
